

***********************************************************************
Fatal NI connect error 12545, connecting to:
 (DESCRIPTION=(ADDRESS=(PROTOCOL=TCP)(HOST=DESKTOP - NSLL7T5)(PORT=1521))(CONNECT_DATA=(SERVER=DEDICATED)(SERVICE_NAME=payroll)(CID=(PROGRAM=F:\C#_Project\ZktAttendence\bin\Debug\ZktAttendence.exe)(HOST=DESKTOP-NSLL7T5)(USER=VSI-ANIK))))

  VERSION INFORMATION:
	TNS for 32-bit Windows: Version 10.2.0.3.0 - Production
	Windows NT TCP/IP NT Protocol Adapter for 32-bit Windows: Version 10.2.0.3.0 - Production
  Time: 17-FEB-2020 17:13:42
  Tracing not turned on.
  Tns error struct:
    ns main err code: 12545
    TNS-12545: Connect failed because target host or object does not exist
    ns secondary err code: 12560
    nt main err code: 515
    TNS-00515: Connect failed because target host or object does not exist
    nt secondary err code: 1001
    nt OS err code: 0


***********************************************************************
Fatal NI connect error 12533, connecting to:
 (DESCRIPTION=(PAYROLL=(DESCRIPTION=(ADDRESS=(PROTOCOL=TCP)(HOST=DESKTOP - NSLL7T5)(PORT=1521))(CONNECT_DATA=(SERVER=DEDICATED)(SERVICE_NAME=payroll))))(CONNECT_DATA=(CID=(PROGRAM=F:\C#_Project\ZktAttendence\bin\Debug\ZktAttendence.exe)(HOST=DESKTOP-NSLL7T5)(USER=VSI-ANIK))))

  VERSION INFORMATION:
	TNS for 32-bit Windows: Version 10.2.0.3.0 - Production
  Time: 18-FEB-2020 12:59:34
  Tracing not turned on.
  Tns error struct:
    ns main err code: 12533
    TNS-12533: TNS:illegal ADDRESS parameters
    ns secondary err code: 0
    nt main err code: 0
    nt secondary err code: 0
    nt OS err code: 0


***********************************************************************
Fatal NI connect error 12545, connecting to:
 (DESCRIPTION=(ADDRESS=(PROTOCOL=TCP)(HOST=DESKTOP - NSLL7T5)(PORT=1521))(CONNECT_DATA=(SERVER=DEDICATED)(SERVICE_NAME=payroll)(CID=(PROGRAM=F:\C#_Project\ZktAttendence\bin\Debug\ZktAttendence.exe)(HOST=DESKTOP-NSLL7T5)(USER=VSI-ANIK))))

  VERSION INFORMATION:
	TNS for 32-bit Windows: Version 10.2.0.3.0 - Production
	Windows NT TCP/IP NT Protocol Adapter for 32-bit Windows: Version 10.2.0.3.0 - Production
  Time: 18-FEB-2020 13:08:59
  Tracing not turned on.
  Tns error struct:
    ns main err code: 12545
    TNS-12545: Connect failed because target host or object does not exist
    ns secondary err code: 12560
    nt main err code: 515
    TNS-00515: Connect failed because target host or object does not exist
    nt secondary err code: 1001
    nt OS err code: 0


***********************************************************************
Fatal NI connect error 12545, connecting to:
 (DESCRIPTION=(ADDRESS=(PROTOCOL=TCP)(HOST=DESKTOP - NSLL7T5)(PORT=1521))(CONNECT_DATA=(SERVER=DEDICATED)(SERVICE_NAME=payroll)(CID=(PROGRAM=F:\C#_Project\ZktAttendence\bin\Debug\ZktAttendence.exe)(HOST=DESKTOP-NSLL7T5)(USER=VSI-ANIK))))

  VERSION INFORMATION:
	TNS for 32-bit Windows: Version 10.2.0.3.0 - Production
	Windows NT TCP/IP NT Protocol Adapter for 32-bit Windows: Version 10.2.0.3.0 - Production
  Time: 18-FEB-2020 13:12:51
  Tracing not turned on.
  Tns error struct:
    ns main err code: 12545
    TNS-12545: Connect failed because target host or object does not exist
    ns secondary err code: 12560
    nt main err code: 515
    TNS-00515: Connect failed because target host or object does not exist
    nt secondary err code: 1001
    nt OS err code: 0


***********************************************************************
Fatal NI connect error 12545, connecting to:
 (DESCRIPTION=(ADDRESS=(PROTOCOL=TCP)(HOST=new-PC)(PORT=1521))(CONNECT_DATA=(SERVER=DEDICATED)(SERVICE_NAME=payroll)(CID=(PROGRAM=F:\C#_Project\ZktAttendence\bin\Debug\ZktAttendence.exe)(HOST=DESKTOP-NSLL7T5)(USER=VSI-ANIK))))

  VERSION INFORMATION:
	TNS for 32-bit Windows: Version 10.2.0.3.0 - Production
	Windows NT TCP/IP NT Protocol Adapter for 32-bit Windows: Version 10.2.0.3.0 - Production
  Time: 23-FEB-2020 15:55:13
  Tracing not turned on.
  Tns error struct:
    ns main err code: 12545
    TNS-12545: Connect failed because target host or object does not exist
    ns secondary err code: 12560
    nt main err code: 515
    TNS-00515: Connect failed because target host or object does not exist
    nt secondary err code: 1001
    nt OS err code: 0


***********************************************************************
Fatal NI connect error 12545, connecting to:
 (DESCRIPTION=(ADDRESS=(PROTOCOL=TCP)(HOST=new-PC)(PORT=1521))(CONNECT_DATA=(SERVER=DEDICATED)(SERVICE_NAME=payroll)(CID=(PROGRAM=F:\C#_Project\ZktAttendence\bin\Debug\ZktAttendence.exe)(HOST=DESKTOP-NSLL7T5)(USER=VSI-ANIK))))

  VERSION INFORMATION:
	TNS for 32-bit Windows: Version 10.2.0.3.0 - Production
	Windows NT TCP/IP NT Protocol Adapter for 32-bit Windows: Version 10.2.0.3.0 - Production
  Time: 23-FEB-2020 16:38:14
  Tracing not turned on.
  Tns error struct:
    ns main err code: 12545
    TNS-12545: Connect failed because target host or object does not exist
    ns secondary err code: 12560
    nt main err code: 515
    TNS-00515: Connect failed because target host or object does not exist
    nt secondary err code: 1001
    nt OS err code: 0
